2024-06-12 15:57:56,971 - DEBUG - Starting new HTTPS connection (1): api.pokerogue.net:443
2024-06-12 15:57:57,292 - DEBUG - https://api.pokerogue.net:443 "POST /account/login HTTP/1.1" 200 None
2024-06-12 15:58:01,304 - INFO - HTTP Status Code: 200
2024-06-12 15:58:01,305 - INFO - Response URL: https://api.pokerogue.net/account/login
2024-06-12 15:58:01,306 - INFO - Response Headers: {'Date': 'Wed, 12 Jun 2024 13:57:57 GMT', 'Content-Type': 'application/json', 'Transfer-Encoding': 'chunked', 'Connection': 'keep-alive', 'Access-Control-Allow-Headers': 'Authorization, Content-Type', 'Access-Control-Allow-Methods': 'OPTIONS, GET, POST', 'Access-Control-Allow-Origin': 'https://pokerogue.net', 'X-Pokemon': 'victini', 'CF-Cache-Status': 'DYNAMIC', 'NEL': '{"success_fraction":0,"report_to":"cf-nel","max_age":604800}', 'Server': 'cloudflare', 'CF-RAY': '892a5a574dd58ef5-FRA', 'Content-Encoding': 'br', 'alt-svc': 'h3=":443"; ma=86400'}
2024-06-12 15:58:03,003 - DEBUG - Starting new HTTPS connection (1): api.pokerogue.net:443
2024-06-12 15:58:03,302 - DEBUG - https://api.pokerogue.net:443 "GET /savedata/system?clientSessionId=D4tH2Asd5pXjYK3T7VolSYKad3JIVsqr HTTP/1.1" 200 None
2024-06-12 15:58:03,790 - DEBUG - https://api.pokerogue.net:443 "GET /savedata/session?slot=0&clientSessionId=D4tH2Asd5pXjYK3T7VolSYKad3JIVsqr HTTP/1.1" 200 None
2024-06-12 15:58:03,852 - INFO - Backup created.
2024-06-12 15:58:08,456 - DEBUG - https://api.pokerogue.net:443 "POST /savedata/updateall HTTP/1.1" 200 0
2024-06-12 15:58:08,595 - DEBUG - https://api.pokerogue.net:443 "GET /account/logout HTTP/1.1" 200 0
2024-06-12 15:59:09,516 - DEBUG - Starting new HTTPS connection (1): api.pokerogue.net:443
2024-06-12 15:59:09,829 - DEBUG - https://api.pokerogue.net:443 "POST /account/login HTTP/1.1" 200 None
2024-06-12 15:59:13,831 - INFO - HTTP Status Code: 200
2024-06-12 15:59:13,831 - INFO - Response URL: https://api.pokerogue.net/account/login
2024-06-12 15:59:13,831 - INFO - Response Headers: {'Date': 'Wed, 12 Jun 2024 13:59:09 GMT', 'Content-Type': 'application/json', 'Transfer-Encoding': 'chunked', 'Connection': 'keep-alive', 'Access-Control-Allow-Headers': 'Authorization, Content-Type', 'Access-Control-Allow-Methods': 'OPTIONS, GET, POST', 'Access-Control-Allow-Origin': 'https://pokerogue.net', 'X-Pokemon': 'victini', 'CF-Cache-Status': 'DYNAMIC', 'NEL': '{"success_fraction":0,"report_to":"cf-nel","max_age":604800}', 'Server': 'cloudflare', 'CF-RAY': '892a5c1c8cbbbbd3-FRA', 'Content-Encoding': 'br', 'alt-svc': 'h3=":443"; ma=86400'}
2024-06-12 15:59:14,634 - DEBUG - Starting new HTTPS connection (1): api.pokerogue.net:443
2024-06-12 15:59:15,010 - DEBUG - https://api.pokerogue.net:443 "GET /savedata/system?clientSessionId=dzxEVUiAOh7ISNzhnBBlf53VsXN2Ia1e HTTP/1.1" 200 None
2024-06-12 15:59:15,381 - DEBUG - https://api.pokerogue.net:443 "GET /savedata/session?slot=0&clientSessionId=dzxEVUiAOh7ISNzhnBBlf53VsXN2Ia1e HTTP/1.1" 200 None
2024-06-12 15:59:15,407 - INFO - Backup created.
2024-06-12 15:59:30,892 - DEBUG - https://api.pokerogue.net:443 "POST /savedata/updateall HTTP/1.1" 200 0
2024-06-12 15:59:31,030 - DEBUG - https://api.pokerogue.net:443 "GET /account/logout HTTP/1.1" 200 0
2024-06-12 16:18:52,822 - DEBUG - Starting new HTTPS connection (1): api.pokerogue.net:443
2024-06-12 16:18:53,193 - DEBUG - https://api.pokerogue.net:443 "POST /account/login HTTP/1.1" 200 None
2024-06-12 16:18:58,199 - INFO - HTTP Status Code: 200
2024-06-12 16:18:58,200 - INFO - Response URL: https://api.pokerogue.net/account/login
2024-06-12 16:18:58,201 - INFO - Response Headers: {'Date': 'Wed, 12 Jun 2024 14:18:53 GMT', 'Content-Type': 'application/json', 'Transfer-Encoding': 'chunked', 'Connection': 'keep-alive', 'Access-Control-Allow-Headers': 'Authorization, Content-Type', 'Access-Control-Allow-Methods': 'OPTIONS, GET, POST', 'Access-Control-Allow-Origin': 'https://pokerogue.net', 'X-Pokemon': 'victini', 'CF-Cache-Status': 'DYNAMIC', 'NEL': '{"success_fraction":0,"report_to":"cf-nel","max_age":604800}', 'Server': 'cloudflare', 'CF-RAY': '892a79004fa93603-FRA', 'Content-Encoding': 'br', 'alt-svc': 'h3=":443"; ma=86400'}
2024-06-12 16:18:59,123 - DEBUG - Starting new HTTPS connection (1): api.pokerogue.net:443
2024-06-12 16:18:59,423 - DEBUG - https://api.pokerogue.net:443 "GET /savedata/system?clientSessionId=LdYb5n1srOOWK4Scvlcqcb96vxxMsDc5 HTTP/1.1" 200 None
2024-06-12 16:18:59,897 - DEBUG - https://api.pokerogue.net:443 "GET /savedata/session?slot=0&clientSessionId=LdYb5n1srOOWK4Scvlcqcb96vxxMsDc5 HTTP/1.1" 200 None
2024-06-12 16:18:59,921 - INFO - Backup created.
2024-06-12 16:19:07,316 - DEBUG - https://api.pokerogue.net:443 "POST /savedata/updateall HTTP/1.1" 200 0
2024-06-12 16:19:07,441 - DEBUG - https://api.pokerogue.net:443 "GET /account/logout HTTP/1.1" 200 0
2024-06-12 18:07:33,183 - DEBUG - Starting new HTTPS connection (1): api.pokerogue.net:443
2024-06-12 18:07:33,503 - DEBUG - https://api.pokerogue.net:443 "POST /account/login HTTP/1.1" 200 None
2024-06-12 18:07:36,505 - INFO - HTTP Status Code: 200
2024-06-12 18:07:36,505 - INFO - Response URL: https://api.pokerogue.net/account/login
2024-06-12 18:07:36,505 - INFO - Response Headers: {'Date': 'Wed, 12 Jun 2024 16:07:33 GMT', 'Content-Type': 'application/json', 'Transfer-Encoding': 'chunked', 'Connection': 'keep-alive', 'Access-Control-Allow-Headers': 'Authorization, Content-Type', 'Access-Control-Allow-Methods': 'OPTIONS, GET, POST', 'Access-Control-Allow-Origin': 'https://pokerogue.net', 'X-Pokemon': 'victini', 'CF-Cache-Status': 'DYNAMIC', 'NEL': '{"success_fraction":0,"report_to":"cf-nel","max_age":604800}', 'Server': 'cloudflare', 'CF-RAY': '892b18303fab91fb-FRA', 'Content-Encoding': 'br', 'alt-svc': 'h3=":443"; ma=86400'}
2024-06-12 18:07:53,133 - DEBUG - Starting new HTTPS connection (1): api.pokerogue.net:443
2024-06-12 18:07:53,448 - DEBUG - https://api.pokerogue.net:443 "GET /savedata/system?clientSessionId=RM1URxX2rtlW9yN9kItcq6Qmt3ghaxOl HTTP/1.1" 200 None
2024-06-12 18:07:53,911 - DEBUG - https://api.pokerogue.net:443 "GET /savedata/session?slot=0&clientSessionId=RM1URxX2rtlW9yN9kItcq6Qmt3ghaxOl HTTP/1.1" 200 None
2024-06-12 18:07:53,932 - INFO - Backup created.
2024-06-12 18:08:15,922 - DEBUG - https://api.pokerogue.net:443 "POST /savedata/updateall HTTP/1.1" 200 0
2024-06-12 18:08:16,039 - DEBUG - https://api.pokerogue.net:443 "GET /account/logout HTTP/1.1" 200 0
2024-06-12 18:16:17,063 - DEBUG - Starting new HTTPS connection (1): api.pokerogue.net:443
2024-06-12 18:16:17,354 - DEBUG - https://api.pokerogue.net:443 "POST /account/login HTTP/1.1" 200 None
2024-06-12 18:16:22,356 - INFO - HTTP Status Code: 200
2024-06-12 18:16:22,357 - INFO - Response URL: https://api.pokerogue.net/account/login
2024-06-12 18:16:22,357 - INFO - Response Headers: {'Date': 'Wed, 12 Jun 2024 16:16:17 GMT', 'Content-Type': 'application/json', 'Transfer-Encoding': 'chunked', 'Connection': 'keep-alive', 'Access-Control-Allow-Headers': 'Authorization, Content-Type', 'Access-Control-Allow-Methods': 'OPTIONS, GET, POST', 'Access-Control-Allow-Origin': 'https://pokerogue.net', 'X-Pokemon': 'victini', 'CF-Cache-Status': 'DYNAMIC', 'NEL': '{"success_fraction":0,"report_to":"cf-nel","max_age":604800}', 'Server': 'cloudflare', 'CF-RAY': '892b24fa7aeb9b80-FRA', 'Content-Encoding': 'br', 'alt-svc': 'h3=":443"; ma=86400'}
2024-06-12 18:16:23,886 - DEBUG - Starting new HTTPS connection (1): api.pokerogue.net:443
2024-06-12 18:16:24,170 - DEBUG - https://api.pokerogue.net:443 "GET /savedata/system?clientSessionId=Yi1bngnWoyqEDdrwEjnLHOOazp8K2iYR HTTP/1.1" 200 None
2024-06-12 18:16:24,651 - DEBUG - https://api.pokerogue.net:443 "GET /savedata/session?slot=0&clientSessionId=Yi1bngnWoyqEDdrwEjnLHOOazp8K2iYR HTTP/1.1" 200 None
2024-06-12 18:16:24,675 - INFO - Backup created.
2024-06-12 18:16:56,681 - DEBUG - https://api.pokerogue.net:443 "POST /savedata/updateall HTTP/1.1" 200 0
2024-06-12 18:16:56,803 - DEBUG - https://api.pokerogue.net:443 "GET /account/logout HTTP/1.1" 200 0
2024-06-12 18:32:42,319 - DEBUG - Starting new HTTPS connection (1): api.pokerogue.net:443
2024-06-12 18:32:42,697 - DEBUG - https://api.pokerogue.net:443 "POST /account/login HTTP/1.1" 200 None
2024-06-12 18:32:45,699 - INFO - HTTP Status Code: 200
2024-06-12 18:32:45,699 - INFO - Response URL: https://api.pokerogue.net/account/login
2024-06-12 18:32:45,699 - INFO - Response Headers: {'Date': 'Wed, 12 Jun 2024 16:32:42 GMT', 'Content-Type': 'application/json', 'Transfer-Encoding': 'chunked', 'Connection': 'keep-alive', 'Access-Control-Allow-Headers': 'Authorization, Content-Type', 'Access-Control-Allow-Methods': 'OPTIONS, GET, POST', 'Access-Control-Allow-Origin': 'https://pokerogue.net', 'X-Pokemon': 'victini', 'CF-Cache-Status': 'DYNAMIC', 'NEL': '{"success_fraction":0,"report_to":"cf-nel","max_age":604800}', 'Server': 'cloudflare', 'CF-RAY': '892b3d087a03996e-FRA', 'Content-Encoding': 'br', 'alt-svc': 'h3=":443"; ma=86400'}
2024-06-12 18:34:13,694 - DEBUG - Starting new HTTPS connection (1): api.pokerogue.net:443
2024-06-12 18:34:13,999 - DEBUG - https://api.pokerogue.net:443 "GET /savedata/system?clientSessionId=RonSLhWQmiBHX4npqO4fbk6JYHJ0M81H HTTP/1.1" 200 None
2024-06-12 18:34:14,450 - DEBUG - https://api.pokerogue.net:443 "GET /savedata/session?slot=0&clientSessionId=RonSLhWQmiBHX4npqO4fbk6JYHJ0M81H HTTP/1.1" 200 None
2024-06-12 18:34:14,470 - INFO - Backup created.
2024-06-12 18:37:23,592 - DEBUG - Starting new HTTPS connection (1): api.pokerogue.net:443
2024-06-12 18:37:23,907 - DEBUG - https://api.pokerogue.net:443 "POST /account/login HTTP/1.1" 200 None
2024-06-12 18:37:28,909 - INFO - HTTP Status Code: 200
2024-06-12 18:37:28,910 - INFO - Response URL: https://api.pokerogue.net/account/login
2024-06-12 18:37:28,910 - INFO - Response Headers: {'Date': 'Wed, 12 Jun 2024 16:37:23 GMT', 'Content-Type': 'application/json', 'Transfer-Encoding': 'chunked', 'Connection': 'keep-alive', 'Access-Control-Allow-Headers': 'Authorization, Content-Type', 'Access-Control-Allow-Methods': 'OPTIONS, GET, POST', 'Access-Control-Allow-Origin': 'https://pokerogue.net', 'X-Pokemon': 'victini', 'CF-Cache-Status': 'DYNAMIC', 'NEL': '{"success_fraction":0,"report_to":"cf-nel","max_age":604800}', 'Server': 'cloudflare', 'CF-RAY': '892b43e66faa9261-FRA', 'Content-Encoding': 'br', 'alt-svc': 'h3=":443"; ma=86400'}
2024-06-12 18:37:30,301 - DEBUG - Starting new HTTPS connection (1): api.pokerogue.net:443
2024-06-12 18:37:30,583 - DEBUG - https://api.pokerogue.net:443 "GET /savedata/system?clientSessionId=RYgaaTNp1Mcw0PlLZqv9eZ9jaRC3Elcc HTTP/1.1" 200 None
2024-06-12 18:37:31,072 - DEBUG - https://api.pokerogue.net:443 "GET /savedata/session?slot=0&clientSessionId=RYgaaTNp1Mcw0PlLZqv9eZ9jaRC3Elcc HTTP/1.1" 200 None
2024-06-12 18:37:31,101 - INFO - Backup created.
2024-06-12 18:39:58,637 - DEBUG - Starting new HTTPS connection (1): api.pokerogue.net:443
2024-06-12 18:39:58,942 - DEBUG - https://api.pokerogue.net:443 "POST /account/login HTTP/1.1" 200 None
2024-06-12 18:40:01,947 - INFO - HTTP Status Code: 200
2024-06-12 18:40:01,947 - INFO - Response URL: https://api.pokerogue.net/account/login
2024-06-12 18:40:01,948 - INFO - Response Headers: {'Date': 'Wed, 12 Jun 2024 16:39:58 GMT', 'Content-Type': 'application/json', 'Transfer-Encoding': 'chunked', 'Connection': 'keep-alive', 'Access-Control-Allow-Headers': 'Authorization, Content-Type', 'Access-Control-Allow-Methods': 'OPTIONS, GET, POST', 'Access-Control-Allow-Origin': 'https://pokerogue.net', 'X-Pokemon': 'victini', 'CF-Cache-Status': 'DYNAMIC', 'NEL': '{"success_fraction":0,"report_to":"cf-nel","max_age":604800}', 'Server': 'cloudflare', 'CF-RAY': '892b47af4a8865cc-FRA', 'Content-Encoding': 'br', 'alt-svc': 'h3=":443"; ma=86400'}
2024-06-12 18:40:03,959 - DEBUG - Starting new HTTPS connection (1): api.pokerogue.net:443
2024-06-12 18:40:04,245 - DEBUG - https://api.pokerogue.net:443 "GET /savedata/system?clientSessionId=xGO9odwtb5ZfkE3NvJ8N5HV24nL3Ddyn HTTP/1.1" 200 None
2024-06-12 18:40:04,717 - DEBUG - https://api.pokerogue.net:443 "GET /savedata/session?slot=0&clientSessionId=xGO9odwtb5ZfkE3NvJ8N5HV24nL3Ddyn HTTP/1.1" 200 None
2024-06-12 18:40:04,749 - INFO - Backup created.
2024-06-12 18:40:29,974 - DEBUG - Starting new HTTPS connection (1): api.pokerogue.net:443
2024-06-12 18:40:30,313 - DEBUG - https://api.pokerogue.net:443 "POST /account/login HTTP/1.1" 200 None
2024-06-12 18:40:34,316 - INFO - HTTP Status Code: 200
2024-06-12 18:40:34,316 - INFO - Response URL: https://api.pokerogue.net/account/login
2024-06-12 18:40:34,316 - INFO - Response Headers: {'Date': 'Wed, 12 Jun 2024 16:40:30 GMT', 'Content-Type': 'application/json', 'Transfer-Encoding': 'chunked', 'Connection': 'keep-alive', 'Access-Control-Allow-Headers': 'Authorization, Content-Type', 'Access-Control-Allow-Methods': 'OPTIONS, GET, POST', 'Access-Control-Allow-Origin': 'https://pokerogue.net', 'X-Pokemon': 'victini', 'CF-Cache-Status': 'DYNAMIC', 'NEL': '{"success_fraction":0,"report_to":"cf-nel","max_age":604800}', 'Server': 'cloudflare', 'CF-RAY': '892b4873185abb95-FRA', 'Content-Encoding': 'br', 'alt-svc': 'h3=":443"; ma=86400'}
2024-06-12 18:42:10,769 - DEBUG - Starting new HTTPS connection (1): api.pokerogue.net:443
2024-06-12 18:42:11,073 - DEBUG - https://api.pokerogue.net:443 "POST /account/login HTTP/1.1" 200 None
2024-06-12 18:42:15,076 - INFO - HTTP Status Code: 200
2024-06-12 18:42:15,077 - INFO - Response URL: https://api.pokerogue.net/account/login
2024-06-12 18:42:15,079 - INFO - Response Headers: {'Date': 'Wed, 12 Jun 2024 16:42:10 GMT', 'Content-Type': 'application/json', 'Transfer-Encoding': 'chunked', 'Connection': 'keep-alive', 'Access-Control-Allow-Headers': 'Authorization, Content-Type', 'Access-Control-Allow-Methods': 'OPTIONS, GET, POST', 'Access-Control-Allow-Origin': 'https://pokerogue.net', 'X-Pokemon': 'victini', 'CF-Cache-Status': 'DYNAMIC', 'NEL': '{"success_fraction":0,"report_to":"cf-nel","max_age":604800}', 'Server': 'cloudflare', 'CF-RAY': '892b4ae92ca54d85-FRA', 'Content-Encoding': 'br', 'alt-svc': 'h3=":443"; ma=86400'}
2024-06-12 18:42:16,998 - DEBUG - Starting new HTTPS connection (1): api.pokerogue.net:443
2024-06-12 18:42:17,308 - DEBUG - https://api.pokerogue.net:443 "GET /savedata/system?clientSessionId=PxJqYKStNDjKNizjavlinAWOJI8hsCRW HTTP/1.1" 200 None
2024-06-12 18:42:17,791 - DEBUG - https://api.pokerogue.net:443 "GET /savedata/session?slot=0&clientSessionId=PxJqYKStNDjKNizjavlinAWOJI8hsCRW HTTP/1.1" 200 None
2024-06-12 18:42:17,814 - INFO - Backup created.
2024-06-12 18:45:10,615 - DEBUG - Starting new HTTPS connection (1): api.pokerogue.net:443
2024-06-12 18:45:10,918 - DEBUG - https://api.pokerogue.net:443 "POST /account/login HTTP/1.1" 200 None
2024-06-12 18:45:14,923 - INFO - HTTP Status Code: 200
2024-06-12 18:45:14,924 - INFO - Response URL: https://api.pokerogue.net/account/login
2024-06-12 18:45:14,924 - INFO - Response Headers: {'Date': 'Wed, 12 Jun 2024 16:45:10 GMT', 'Content-Type': 'application/json', 'Transfer-Encoding': 'chunked', 'Connection': 'keep-alive', 'Access-Control-Allow-Headers': 'Authorization, Content-Type', 'Access-Control-Allow-Methods': 'OPTIONS, GET, POST', 'Access-Control-Allow-Origin': 'https://pokerogue.net', 'X-Pokemon': 'victini', 'CF-Cache-Status': 'DYNAMIC', 'NEL': '{"success_fraction":0,"report_to":"cf-nel","max_age":604800}', 'Server': 'cloudflare', 'CF-RAY': '892b4f4d18264d6d-FRA', 'Content-Encoding': 'br', 'alt-svc': 'h3=":443"; ma=86400'}
2024-06-12 18:47:06,801 - DEBUG - Starting new HTTPS connection (1): api.pokerogue.net:443
2024-06-12 18:47:07,101 - DEBUG - https://api.pokerogue.net:443 "POST /account/login HTTP/1.1" 200 None
2024-06-12 18:47:11,104 - INFO - HTTP Status Code: 200
2024-06-12 18:47:11,106 - INFO - Response URL: https://api.pokerogue.net/account/login
2024-06-12 18:47:11,106 - INFO - Response Headers: {'Date': 'Wed, 12 Jun 2024 16:47:06 GMT', 'Content-Type': 'application/json', 'Transfer-Encoding': 'chunked', 'Connection': 'keep-alive', 'Access-Control-Allow-Headers': 'Authorization, Content-Type', 'Access-Control-Allow-Methods': 'OPTIONS, GET, POST', 'Access-Control-Allow-Origin': 'https://pokerogue.net', 'X-Pokemon': 'victini', 'CF-Cache-Status': 'DYNAMIC', 'NEL': '{"success_fraction":0,"report_to":"cf-nel","max_age":604800}', 'Server': 'cloudflare', 'CF-RAY': '892b52234d9265d7-FRA', 'Content-Encoding': 'br', 'alt-svc': 'h3=":443"; ma=86400'}
2024-06-12 19:22:10,255 - DEBUG - Starting new HTTPS connection (1): api.pokerogue.net:443
2024-06-12 19:22:10,598 - DEBUG - https://api.pokerogue.net:443 "GET /savedata/system?clientSessionId=i4OgZKKB17k0hc7qG1EH5bAst0fbzeX7 HTTP/1.1" 200 None
2024-06-12 19:22:11,031 - DEBUG - https://api.pokerogue.net:443 "GET /savedata/session?slot=0&clientSessionId=i4OgZKKB17k0hc7qG1EH5bAst0fbzeX7 HTTP/1.1" 200 None
2024-06-12 19:22:11,064 - INFO - Backup created.
2024-06-12 19:22:15,614 - DEBUG - https://api.pokerogue.net:443 "POST /savedata/updateall HTTP/1.1" 200 0
2024-06-12 19:22:15,736 - DEBUG - https://api.pokerogue.net:443 "GET /account/logout HTTP/1.1" 200 0
2024-06-12 20:03:29,176 - DEBUG - Starting new HTTPS connection (1): api.pokerogue.net:443
2024-06-12 20:03:29,491 - DEBUG - https://api.pokerogue.net:443 "POST /account/login HTTP/1.1" 200 None
2024-06-12 20:03:32,493 - INFO - HTTP Status Code: 200
2024-06-12 20:03:32,494 - INFO - Response URL: https://api.pokerogue.net/account/login
2024-06-12 20:03:32,494 - INFO - Response Headers: {'Date': 'Wed, 12 Jun 2024 18:03:29 GMT', 'Content-Type': 'application/json', 'Transfer-Encoding': 'chunked', 'Connection': 'keep-alive', 'Access-Control-Allow-Headers': 'Authorization, Content-Type', 'Access-Control-Allow-Methods': 'OPTIONS, GET, POST', 'Access-Control-Allow-Origin': 'https://pokerogue.net', 'X-Pokemon': 'victini', 'CF-Cache-Status': 'DYNAMIC', 'NEL': '{"success_fraction":0,"report_to":"cf-nel","max_age":604800}', 'Server': 'cloudflare', 'CF-RAY': '892bc2031d3335f6-FRA', 'Content-Encoding': 'br', 'alt-svc': 'h3=":443"; ma=86400'}
2024-06-12 20:03:34,111 - DEBUG - Starting new HTTPS connection (1): api.pokerogue.net:443
2024-06-12 20:03:34,393 - DEBUG - https://api.pokerogue.net:443 "GET /savedata/system?clientSessionId=Sh6yZNXhQvmMUHRfEABmR9nHeJEOhTOI HTTP/1.1" 200 None
2024-06-12 20:03:34,831 - DEBUG - https://api.pokerogue.net:443 "GET /savedata/session?slot=0&clientSessionId=Sh6yZNXhQvmMUHRfEABmR9nHeJEOhTOI HTTP/1.1" 200 None
2024-06-12 20:03:34,863 - INFO - Backup created.
2024-06-12 20:03:46,703 - DEBUG - https://api.pokerogue.net:443 "POST /savedata/updateall HTTP/1.1" 200 0
2024-06-12 20:03:46,831 - DEBUG - https://api.pokerogue.net:443 "GET /account/logout HTTP/1.1" 200 0
2024-06-12 20:17:20,050 - DEBUG - Starting new HTTPS connection (1): api.pokerogue.net:443
2024-06-12 20:17:20,356 - DEBUG - https://api.pokerogue.net:443 "POST /account/login HTTP/1.1" 200 None
2024-06-12 20:17:24,359 - INFO - HTTP Status Code: 200
2024-06-12 20:17:24,359 - INFO - Response URL: https://api.pokerogue.net/account/login
2024-06-12 20:17:24,359 - INFO - Response Headers: {'Date': 'Wed, 12 Jun 2024 18:17:20 GMT', 'Content-Type': 'application/json', 'Transfer-Encoding': 'chunked', 'Connection': 'keep-alive', 'Access-Control-Allow-Headers': 'Authorization, Content-Type', 'Access-Control-Allow-Methods': 'OPTIONS, GET, POST', 'Access-Control-Allow-Origin': 'https://pokerogue.net', 'X-Pokemon': 'victini', 'CF-Cache-Status': 'DYNAMIC', 'NEL': '{"success_fraction":0,"report_to":"cf-nel","max_age":604800}', 'Server': 'cloudflare', 'CF-RAY': '892bd64c2807373a-FRA', 'Content-Encoding': 'br', 'alt-svc': 'h3=":443"; ma=86400'}
2024-06-12 20:18:47,943 - DEBUG - Starting new HTTPS connection (1): api.pokerogue.net:443
2024-06-12 20:18:48,528 - DEBUG - https://api.pokerogue.net:443 "GET /savedata/system?clientSessionId=Nlh3bWyE8Ntxulv7pdsyEzpLm14KurMk HTTP/1.1" 200 None
2024-06-12 20:18:49,017 - DEBUG - https://api.pokerogue.net:443 "GET /savedata/session?slot=0&clientSessionId=Nlh3bWyE8Ntxulv7pdsyEzpLm14KurMk HTTP/1.1" 200 None
2024-06-12 20:18:49,047 - INFO - Backup created.
2024-06-12 21:25:48,308 - DEBUG - Starting new HTTPS connection (1): api.pokerogue.net:443
2024-06-12 21:25:48,655 - DEBUG - https://api.pokerogue.net:443 "POST /account/login HTTP/1.1" 200 None
2024-06-12 21:25:53,656 - INFO - HTTP Status Code: 200
2024-06-12 21:25:53,656 - INFO - Response URL: https://api.pokerogue.net/account/login
2024-06-12 21:25:53,656 - INFO - Response Headers: {'Date': 'Wed, 12 Jun 2024 19:25:48 GMT', 'Content-Type': 'application/json', 'Transfer-Encoding': 'chunked', 'Connection': 'keep-alive', 'Access-Control-Allow-Headers': 'Authorization, Content-Type', 'Access-Control-Allow-Methods': 'OPTIONS, GET, POST', 'Access-Control-Allow-Origin': 'https://pokerogue.net', 'X-Pokemon': 'victini', 'CF-Cache-Status': 'DYNAMIC', 'NEL': '{"success_fraction":0,"report_to":"cf-nel","max_age":604800}', 'Server': 'cloudflare', 'CF-RAY': '892c3a98bd0f35df-FRA', 'Content-Encoding': 'br', 'alt-svc': 'h3=":443"; ma=86400'}
2024-06-12 21:25:55,657 - DEBUG - Starting new HTTPS connection (1): api.pokerogue.net:443
2024-06-12 21:25:55,958 - DEBUG - https://api.pokerogue.net:443 "GET /savedata/system?clientSessionId=vR91wX6iupm5CX6qwBfDF1WeoqAaXEYN HTTP/1.1" 200 None
2024-06-12 21:25:56,438 - DEBUG - https://api.pokerogue.net:443 "GET /savedata/session?slot=0&clientSessionId=vR91wX6iupm5CX6qwBfDF1WeoqAaXEYN HTTP/1.1" 200 None
2024-06-12 21:25:56,461 - INFO - Backup created.
2024-06-12 21:26:30,478 - CRITICAL - Error in function restore_backup(): module 'datetime' has no attribute 'now'
2024-06-12 21:29:58,049 - DEBUG - Starting new HTTPS connection (1): api.pokerogue.net:443
2024-06-12 21:29:58,376 - DEBUG - https://api.pokerogue.net:443 "POST /account/login HTTP/1.1" 200 None
2024-06-12 21:30:03,381 - INFO - HTTP Status Code: 200
2024-06-12 21:30:03,382 - INFO - Response URL: https://api.pokerogue.net/account/login
2024-06-12 21:30:03,383 - INFO - Response Headers: {'Date': 'Wed, 12 Jun 2024 19:29:58 GMT', 'Content-Type': 'application/json', 'Transfer-Encoding': 'chunked', 'Connection': 'keep-alive', 'Access-Control-Allow-Headers': 'Authorization, Content-Type', 'Access-Control-Allow-Methods': 'OPTIONS, GET, POST', 'Access-Control-Allow-Origin': 'https://pokerogue.net', 'X-Pokemon': 'victini', 'CF-Cache-Status': 'DYNAMIC', 'NEL': '{"success_fraction":0,"report_to":"cf-nel","max_age":604800}', 'Server': 'cloudflare', 'CF-RAY': '892c40b19f2171d7-FRA', 'Content-Encoding': 'br', 'alt-svc': 'h3=":443"; ma=86400'}
2024-06-12 21:30:06,306 - DEBUG - Starting new HTTPS connection (1): api.pokerogue.net:443
2024-06-12 21:30:06,581 - DEBUG - https://api.pokerogue.net:443 "GET /savedata/system?clientSessionId=U8dyJZDC0GlIzkfmQcpvyoG1qijr2DcC HTTP/1.1" 200 None
2024-06-12 21:30:07,035 - DEBUG - https://api.pokerogue.net:443 "GET /savedata/session?slot=0&clientSessionId=U8dyJZDC0GlIzkfmQcpvyoG1qijr2DcC HTTP/1.1" 200 None
2024-06-12 21:30:07,082 - INFO - Backup created.
2024-06-12 21:33:25,737 - DEBUG - Starting new HTTPS connection (1): api.pokerogue.net:443
2024-06-12 21:33:26,034 - DEBUG - https://api.pokerogue.net:443 "POST /account/login HTTP/1.1" 200 None
2024-06-12 21:33:31,039 - INFO - HTTP Status Code: 200
2024-06-12 21:33:31,040 - INFO - Response URL: https://api.pokerogue.net/account/login
2024-06-12 21:33:31,041 - INFO - Response Headers: {'Date': 'Wed, 12 Jun 2024 19:33:25 GMT', 'Content-Type': 'application/json', 'Transfer-Encoding': 'chunked', 'Connection': 'keep-alive', 'Access-Control-Allow-Headers': 'Authorization, Content-Type', 'Access-Control-Allow-Methods': 'OPTIONS, GET, POST', 'Access-Control-Allow-Origin': 'https://pokerogue.net', 'X-Pokemon': 'victini', 'CF-Cache-Status': 'DYNAMIC', 'NEL': '{"success_fraction":0,"report_to":"cf-nel","max_age":604800}', 'Server': 'cloudflare', 'CF-RAY': '892c45c369e137eb-FRA', 'Content-Encoding': 'br', 'alt-svc': 'h3=":443"; ma=86400'}
2024-06-12 21:33:32,745 - DEBUG - Starting new HTTPS connection (1): api.pokerogue.net:443
2024-06-12 21:33:33,042 - DEBUG - https://api.pokerogue.net:443 "GET /savedata/system?clientSessionId=rDrwCQe94Ano1ndfk8IRa0qfSRArhilk HTTP/1.1" 200 None
2024-06-12 21:33:33,508 - DEBUG - https://api.pokerogue.net:443 "GET /savedata/session?slot=0&clientSessionId=rDrwCQe94Ano1ndfk8IRa0qfSRArhilk HTTP/1.1" 200 None
2024-06-12 21:33:33,527 - CRITICAL - Error in function create_backup(): type object 'datetime.datetime' has no attribute 'datetime'
2024-06-12 21:34:22,665 - DEBUG - Starting new HTTPS connection (1): api.pokerogue.net:443
2024-06-12 21:34:22,990 - DEBUG - https://api.pokerogue.net:443 "POST /account/login HTTP/1.1" 200 None
2024-06-12 21:34:26,994 - INFO - HTTP Status Code: 200
2024-06-12 21:34:26,996 - INFO - Response URL: https://api.pokerogue.net/account/login
2024-06-12 21:34:26,997 - INFO - Response Headers: {'Date': 'Wed, 12 Jun 2024 19:34:22 GMT', 'Content-Type': 'application/json', 'Transfer-Encoding': 'chunked', 'Connection': 'keep-alive', 'Access-Control-Allow-Headers': 'Authorization, Content-Type', 'Access-Control-Allow-Methods': 'OPTIONS, GET, POST', 'Access-Control-Allow-Origin': 'https://pokerogue.net', 'X-Pokemon': 'victini', 'CF-Cache-Status': 'DYNAMIC', 'NEL': '{"success_fraction":0,"report_to":"cf-nel","max_age":604800}', 'Server': 'cloudflare', 'CF-RAY': '892c47276cc53624-FRA', 'Content-Encoding': 'br', 'alt-svc': 'h3=":443"; ma=86400'}
2024-06-12 21:34:28,528 - ERROR - get_trainer_data is rate limited. You can only do this every 90 seconds!
2024-06-12 21:34:28,529 - ERROR - get_gamesave_data is rate limited. You can only do this every 90 seconds!
2024-06-12 21:34:50,080 - ERROR - get_trainer_data is rate limited. You can only do this every 90 seconds!
2024-06-12 21:34:55,351 - CRITICAL - Error in function create_backup(): type object 'datetime.datetime' has no attribute 'datetime'
2024-06-12 21:35:44,477 - DEBUG - Starting new HTTPS connection (1): api.pokerogue.net:443
2024-06-12 21:35:44,769 - DEBUG - https://api.pokerogue.net:443 "POST /account/login HTTP/1.1" 200 None
2024-06-12 21:35:47,771 - INFO - HTTP Status Code: 200
2024-06-12 21:35:47,772 - INFO - Response URL: https://api.pokerogue.net/account/login
2024-06-12 21:35:47,772 - INFO - Response Headers: {'Date': 'Wed, 12 Jun 2024 19:35:44 GMT', 'Content-Type': 'application/json', 'Transfer-Encoding': 'chunked', 'Connection': 'keep-alive', 'Access-Control-Allow-Headers': 'Authorization, Content-Type', 'Access-Control-Allow-Methods': 'OPTIONS, GET, POST', 'Access-Control-Allow-Origin': 'https://pokerogue.net', 'X-Pokemon': 'victini', 'CF-Cache-Status': 'DYNAMIC', 'NEL': '{"success_fraction":0,"report_to":"cf-nel","max_age":604800}', 'Server': 'cloudflare', 'CF-RAY': '892c49269d808fef-FRA', 'Content-Encoding': 'br', 'alt-svc': 'h3=":443"; ma=86400'}
2024-06-12 21:35:49,289 - DEBUG - Starting new HTTPS connection (1): api.pokerogue.net:443
2024-06-12 21:35:49,571 - DEBUG - https://api.pokerogue.net:443 "GET /savedata/system?clientSessionId=gIQlIYcvN44xyWExHW6BnbfTyFAQtcKd HTTP/1.1" 200 None
2024-06-12 21:35:50,030 - DEBUG - https://api.pokerogue.net:443 "GET /savedata/session?slot=0&clientSessionId=gIQlIYcvN44xyWExHW6BnbfTyFAQtcKd HTTP/1.1" 200 None
2024-06-12 21:35:50,061 - CRITICAL - Error in function create_backup(): type object 'datetime.datetime' has no attribute 'datetime'
2024-06-12 21:37:21,540 - DEBUG - Starting new HTTPS connection (1): api.pokerogue.net:443
2024-06-12 21:37:21,838 - DEBUG - https://api.pokerogue.net:443 "POST /account/login HTTP/1.1" 200 None
2024-06-12 21:37:24,841 - INFO - HTTP Status Code: 200
2024-06-12 21:37:24,842 - INFO - Response URL: https://api.pokerogue.net/account/login
2024-06-12 21:37:24,844 - INFO - Response Headers: {'Date': 'Wed, 12 Jun 2024 19:37:21 GMT', 'Content-Type': 'application/json', 'Transfer-Encoding': 'chunked', 'Connection': 'keep-alive', 'Access-Control-Allow-Headers': 'Authorization, Content-Type', 'Access-Control-Allow-Methods': 'OPTIONS, GET, POST', 'Access-Control-Allow-Origin': 'https://pokerogue.net', 'X-Pokemon': 'victini', 'CF-Cache-Status': 'DYNAMIC', 'NEL': '{"success_fraction":0,"report_to":"cf-nel","max_age":604800}', 'Server': 'cloudflare', 'CF-RAY': '892c4b852ca42c59-FRA', 'Content-Encoding': 'br', 'alt-svc': 'h3=":443"; ma=86400'}
2024-06-12 21:37:26,178 - DEBUG - Starting new HTTPS connection (1): api.pokerogue.net:443
2024-06-12 21:37:26,477 - DEBUG - https://api.pokerogue.net:443 "GET /savedata/system?clientSessionId=Fv5Bg1fjgvmUDvplTENWuZyHXGxefPyb HTTP/1.1" 200 None
2024-06-12 21:37:33,153 - DEBUG - https://api.pokerogue.net:443 "GET /savedata/session?slot=0&clientSessionId=Fv5Bg1fjgvmUDvplTENWuZyHXGxefPyb HTTP/1.1" 200 None
2024-06-12 21:37:33,175 - INFO - Backup created.
2024-06-12 21:39:01,421 - DEBUG - Starting new HTTPS connection (1): api.pokerogue.net:443
2024-06-12 21:39:01,754 - DEBUG - https://api.pokerogue.net:443 "POST /account/login HTTP/1.1" 200 None
2024-06-12 21:39:06,759 - INFO - HTTP Status Code: 200
2024-06-12 21:39:06,760 - INFO - Response URL: https://api.pokerogue.net/account/login
2024-06-12 21:39:06,761 - INFO - Response Headers: {'Date': 'Wed, 12 Jun 2024 19:39:01 GMT', 'Content-Type': 'application/json', 'Transfer-Encoding': 'chunked', 'Connection': 'keep-alive', 'Access-Control-Allow-Headers': 'Authorization, Content-Type', 'Access-Control-Allow-Methods': 'OPTIONS, GET, POST', 'Access-Control-Allow-Origin': 'https://pokerogue.net', 'X-Pokemon': 'victini', 'CF-Cache-Status': 'DYNAMIC', 'NEL': '{"success_fraction":0,"report_to":"cf-nel","max_age":604800}', 'Server': 'cloudflare', 'CF-RAY': '892c4df5b8991d84-FRA', 'Content-Encoding': 'br', 'alt-svc': 'h3=":443"; ma=86400'}
2024-06-12 21:39:08,473 - DEBUG - Starting new HTTPS connection (1): api.pokerogue.net:443
2024-06-12 21:39:08,926 - DEBUG - https://api.pokerogue.net:443 "GET /savedata/system?clientSessionId=vMw59DokCrKmUgE543L5VcI7zhedcGty HTTP/1.1" 200 None
2024-06-12 21:39:09,783 - DEBUG - https://api.pokerogue.net:443 "GET /savedata/session?slot=0&clientSessionId=vMw59DokCrKmUgE543L5VcI7zhedcGty HTTP/1.1" 200 None
2024-06-12 21:39:09,809 - INFO - Backup created.
2024-06-12 21:40:01,481 - DEBUG - Starting new HTTPS connection (1): api.pokerogue.net:443
2024-06-12 21:40:01,793 - DEBUG - https://api.pokerogue.net:443 "POST /account/login HTTP/1.1" 200 None
2024-06-12 21:40:05,796 - INFO - HTTP Status Code: 200
2024-06-12 21:40:05,796 - INFO - Response URL: https://api.pokerogue.net/account/login
2024-06-12 21:40:05,796 - INFO - Response Headers: {'Date': 'Wed, 12 Jun 2024 19:40:01 GMT', 'Content-Type': 'application/json', 'Transfer-Encoding': 'chunked', 'Connection': 'keep-alive', 'Access-Control-Allow-Headers': 'Authorization, Content-Type', 'Access-Control-Allow-Methods': 'OPTIONS, GET, POST', 'Access-Control-Allow-Origin': 'https://pokerogue.net', 'X-Pokemon': 'victini', 'CF-Cache-Status': 'DYNAMIC', 'NEL': '{"success_fraction":0,"report_to":"cf-nel","max_age":604800}', 'Server': 'cloudflare', 'CF-RAY': '892c4f6cdd675d3c-FRA', 'Content-Encoding': 'br', 'alt-svc': 'h3=":443"; ma=86400'}
2024-06-12 21:40:07,360 - ERROR - get_trainer_data is rate limited. You can only do this every 90 seconds!
2024-06-12 21:40:07,361 - ERROR - get_gamesave_data is rate limited. You can only do this every 90 seconds!
2024-06-12 21:40:42,540 - DEBUG - Starting new HTTPS connection (1): api.pokerogue.net:443
2024-06-12 21:40:42,831 - DEBUG - https://api.pokerogue.net:443 "POST /account/login HTTP/1.1" 200 None
2024-06-12 21:40:46,835 - INFO - HTTP Status Code: 200
2024-06-12 21:40:46,836 - INFO - Response URL: https://api.pokerogue.net/account/login
2024-06-12 21:40:46,837 - INFO - Response Headers: {'Date': 'Wed, 12 Jun 2024 19:40:42 GMT', 'Content-Type': 'application/json', 'Transfer-Encoding': 'chunked', 'Connection': 'keep-alive', 'Access-Control-Allow-Headers': 'Authorization, Content-Type', 'Access-Control-Allow-Methods': 'OPTIONS, GET, POST', 'Access-Control-Allow-Origin': 'https://pokerogue.net', 'X-Pokemon': 'victini', 'CF-Cache-Status': 'DYNAMIC', 'NEL': '{"success_fraction":0,"report_to":"cf-nel","max_age":604800}', 'Server': 'cloudflare', 'CF-RAY': '892c506d79d89b7c-FRA', 'Content-Encoding': 'br', 'alt-svc': 'h3=":443"; ma=86400'}
2024-06-12 21:40:54,273 - DEBUG - Starting new HTTPS connection (1): api.pokerogue.net:443
2024-06-12 21:40:54,552 - DEBUG - https://api.pokerogue.net:443 "GET /savedata/system?clientSessionId=gPXJwUtkLgJWxsSkkfySl45Gq6sH8eju HTTP/1.1" 200 None
2024-06-12 21:40:55,010 - DEBUG - https://api.pokerogue.net:443 "GET /savedata/session?slot=0&clientSessionId=gPXJwUtkLgJWxsSkkfySl45Gq6sH8eju HTTP/1.1" 200 None
2024-06-12 21:40:55,035 - INFO - Backup created.
2024-06-12 21:41:21,679 - ERROR - login is rate limited. You can only do this every 40 seconds!
2024-06-12 21:41:32,468 - DEBUG - Starting new HTTPS connection (1): api.pokerogue.net:443
2024-06-12 21:41:32,670 - DEBUG - https://api.pokerogue.net:443 "POST /account/login HTTP/1.1" 500 17
2024-06-12 21:41:37,672 - CRITICAL - Error 500 - Internal Server Error: The server has encountered a situation it does not know how to handle.
2024-06-12 21:41:50,753 - ERROR - login is rate limited. You can only do this every 40 seconds!
2024-06-12 21:43:47,829 - DEBUG - Starting new HTTPS connection (1): api.pokerogue.net:443
2024-06-12 21:43:48,118 - DEBUG - https://api.pokerogue.net:443 "POST /account/login HTTP/1.1" 200 None
2024-06-12 21:43:51,122 - INFO - HTTP Status Code: 200
2024-06-12 21:43:51,124 - INFO - Response URL: https://api.pokerogue.net/account/login
2024-06-12 21:43:51,125 - INFO - Response Headers: {'Date': 'Wed, 12 Jun 2024 19:43:47 GMT', 'Content-Type': 'application/json', 'Transfer-Encoding': 'chunked', 'Connection': 'keep-alive', 'Access-Control-Allow-Headers': 'Authorization, Content-Type', 'Access-Control-Allow-Methods': 'OPTIONS, GET, POST', 'Access-Control-Allow-Origin': 'https://pokerogue.net', 'X-Pokemon': 'victini', 'CF-Cache-Status': 'DYNAMIC', 'NEL': '{"success_fraction":0,"report_to":"cf-nel","max_age":604800}', 'Server': 'cloudflare', 'CF-RAY': '892c54f3781abba9-FRA', 'Content-Encoding': 'br', 'alt-svc': 'h3=":443"; ma=86400'}
2024-06-12 21:43:52,602 - DEBUG - Starting new HTTPS connection (1): api.pokerogue.net:443
2024-06-12 21:43:52,885 - DEBUG - https://api.pokerogue.net:443 "GET /savedata/system?clientSessionId=x7uQ5x2Ub4LlD4ckLxIXFmJ7XkCalcGS HTTP/1.1" 200 None
2024-06-12 21:43:53,340 - DEBUG - https://api.pokerogue.net:443 "GET /savedata/session?slot=0&clientSessionId=x7uQ5x2Ub4LlD4ckLxIXFmJ7XkCalcGS HTTP/1.1" 200 None
2024-06-12 21:43:53,372 - INFO - Backup created.
2024-06-12 21:43:56,369 - CRITICAL - Error in function restore_backup(): list index out of range
2024-06-12 21:44:26,735 - ERROR - login is rate limited. You can only do this every 40 seconds!
2024-06-12 21:44:36,564 - DEBUG - Starting new HTTPS connection (1): api.pokerogue.net:443
2024-06-12 21:44:36,853 - DEBUG - https://api.pokerogue.net:443 "POST /account/login HTTP/1.1" 200 None
2024-06-12 21:44:39,855 - INFO - HTTP Status Code: 200
2024-06-12 21:44:39,855 - INFO - Response URL: https://api.pokerogue.net/account/login
2024-06-12 21:44:39,855 - INFO - Response Headers: {'Date': 'Wed, 12 Jun 2024 19:44:36 GMT', 'Content-Type': 'application/json', 'Transfer-Encoding': 'chunked', 'Connection': 'keep-alive', 'Access-Control-Allow-Headers': 'Authorization, Content-Type', 'Access-Control-Allow-Methods': 'OPTIONS, GET, POST', 'Access-Control-Allow-Origin': 'https://pokerogue.net', 'X-Pokemon': 'victini', 'CF-Cache-Status': 'DYNAMIC', 'NEL': '{"success_fraction":0,"report_to":"cf-nel","max_age":604800}', 'Server': 'cloudflare', 'CF-RAY': '892c56244a428f3e-FRA', 'Content-Encoding': 'br', 'alt-svc': 'h3=":443"; ma=86400'}
2024-06-12 21:44:41,336 - ERROR - get_trainer_data is rate limited. You can only do this every 90 seconds!
2024-06-12 21:44:41,336 - ERROR - get_gamesave_data is rate limited. You can only do this every 90 seconds!
2024-06-12 21:45:02,466 - ERROR - login is rate limited. You can only do this every 40 seconds!
2024-06-12 21:45:43,469 - DEBUG - Starting new HTTPS connection (1): api.pokerogue.net:443
2024-06-12 21:45:43,766 - DEBUG - https://api.pokerogue.net:443 "POST /account/login HTTP/1.1" 200 None
2024-06-12 21:45:47,769 - INFO - HTTP Status Code: 200
2024-06-12 21:45:47,770 - INFO - Response URL: https://api.pokerogue.net/account/login
2024-06-12 21:45:47,770 - INFO - Response Headers: {'Date': 'Wed, 12 Jun 2024 19:45:43 GMT', 'Content-Type': 'application/json', 'Transfer-Encoding': 'chunked', 'Connection': 'keep-alive', 'Access-Control-Allow-Headers': 'Authorization, Content-Type', 'Access-Control-Allow-Methods': 'OPTIONS, GET, POST', 'Access-Control-Allow-Origin': 'https://pokerogue.net', 'X-Pokemon': 'victini', 'CF-Cache-Status': 'DYNAMIC', 'NEL': '{"success_fraction":0,"report_to":"cf-nel","max_age":604800}', 'Server': 'cloudflare', 'CF-RAY': '892c57c64b4a39c4-FRA', 'Content-Encoding': 'br', 'alt-svc': 'h3=":443"; ma=86400'}
2024-06-12 21:45:49,706 - DEBUG - Starting new HTTPS connection (1): api.pokerogue.net:443
2024-06-12 21:45:49,992 - DEBUG - https://api.pokerogue.net:443 "GET /savedata/system?clientSessionId=687I7gKt9diN6vXlNqrsJo8duBUK7g5S HTTP/1.1" 200 None
2024-06-12 21:45:50,449 - DEBUG - https://api.pokerogue.net:443 "GET /savedata/session?slot=0&clientSessionId=687I7gKt9diN6vXlNqrsJo8duBUK7g5S HTTP/1.1" 200 None
2024-06-12 21:45:50,510 - INFO - Backup created.
2024-06-12 21:46:59,800 - DEBUG - Starting new HTTPS connection (1): api.pokerogue.net:443
2024-06-12 21:47:00,131 - DEBUG - https://api.pokerogue.net:443 "POST /account/login HTTP/1.1" 200 None
2024-06-12 21:47:03,133 - INFO - HTTP Status Code: 200
2024-06-12 21:47:03,134 - INFO - Response URL: https://api.pokerogue.net/account/login
2024-06-12 21:47:03,134 - INFO - Response Headers: {'Date': 'Wed, 12 Jun 2024 19:46:59 GMT', 'Content-Type': 'application/json', 'Transfer-Encoding': 'chunked', 'Connection': 'keep-alive', 'Access-Control-Allow-Headers': 'Authorization, Content-Type', 'Access-Control-Allow-Methods': 'OPTIONS, GET, POST', 'Access-Control-Allow-Origin': 'https://pokerogue.net', 'X-Pokemon': 'victini', 'CF-Cache-Status': 'DYNAMIC', 'NEL': '{"success_fraction":0,"report_to":"cf-nel","max_age":604800}', 'Server': 'cloudflare', 'CF-RAY': '892c59a359c79295-FRA', 'Content-Encoding': 'br', 'alt-svc': 'h3=":443"; ma=86400'}
2024-06-12 21:47:04,344 - ERROR - get_trainer_data is rate limited. You can only do this every 90 seconds!
2024-06-12 21:47:04,345 - ERROR - get_gamesave_data is rate limited. You can only do this every 90 seconds!
2024-06-12 21:49:57,412 - DEBUG - Starting new HTTPS connection (1): api.pokerogue.net:443
2024-06-12 21:49:57,831 - DEBUG - https://api.pokerogue.net:443 "POST /account/login HTTP/1.1" 200 None
2024-06-12 21:50:02,832 - INFO - HTTP Status Code: 200
2024-06-12 21:50:02,832 - INFO - Response URL: https://api.pokerogue.net/account/login
2024-06-12 21:50:02,833 - INFO - Response Headers: {'Date': 'Wed, 12 Jun 2024 19:49:57 GMT', 'Content-Type': 'application/json', 'Transfer-Encoding': 'chunked', 'Connection': 'keep-alive', 'Access-Control-Allow-Headers': 'Authorization, Content-Type', 'Access-Control-Allow-Methods': 'OPTIONS, GET, POST', 'Access-Control-Allow-Origin': 'https://pokerogue.net', 'X-Pokemon': 'victini', 'CF-Cache-Status': 'DYNAMIC', 'NEL': '{"success_fraction":0,"report_to":"cf-nel","max_age":604800}', 'Server': 'cloudflare', 'CF-RAY': '892c5df99d2271b5-FRA', 'Content-Encoding': 'br', 'alt-svc': 'h3=":443"; ma=86400'}
2024-06-12 21:50:05,178 - DEBUG - Starting new HTTPS connection (1): api.pokerogue.net:443
2024-06-12 21:50:05,458 - DEBUG - https://api.pokerogue.net:443 "GET /savedata/system?clientSessionId=hgpCQdOjUwDYiIEIFVPvNsf7KUsS41RT HTTP/1.1" 200 None
2024-06-12 21:50:05,911 - DEBUG - https://api.pokerogue.net:443 "GET /savedata/session?slot=0&clientSessionId=hgpCQdOjUwDYiIEIFVPvNsf7KUsS41RT HTTP/1.1" 200 None
2024-06-12 21:50:05,933 - INFO - Backup created.
2024-06-12 21:50:10,680 - CRITICAL - Error in function restore_backup(): [WinError 3] Das System kann den angegebenen Pfad nicht finden: './backups'
2024-06-12 21:51:44,243 - DEBUG - Starting new HTTPS connection (1): api.pokerogue.net:443
2024-06-12 21:51:44,537 - DEBUG - https://api.pokerogue.net:443 "POST /account/login HTTP/1.1" 200 None
2024-06-12 21:51:48,542 - INFO - HTTP Status Code: 200
2024-06-12 21:51:48,543 - INFO - Response URL: https://api.pokerogue.net/account/login
2024-06-12 21:51:48,544 - INFO - Response Headers: {'Date': 'Wed, 12 Jun 2024 19:51:44 GMT', 'Content-Type': 'application/json', 'Transfer-Encoding': 'chunked', 'Connection': 'keep-alive', 'Access-Control-Allow-Headers': 'Authorization, Content-Type', 'Access-Control-Allow-Methods': 'OPTIONS, GET, POST', 'Access-Control-Allow-Origin': 'https://pokerogue.net', 'X-Pokemon': 'victini', 'CF-Cache-Status': 'DYNAMIC', 'NEL': '{"success_fraction":0,"report_to":"cf-nel","max_age":604800}', 'Server': 'cloudflare', 'CF-RAY': '892c60952ff7bbf1-FRA', 'Content-Encoding': 'br', 'alt-svc': 'h3=":443"; ma=86400'}
2024-06-12 21:51:49,787 - DEBUG - Starting new HTTPS connection (1): api.pokerogue.net:443
2024-06-12 21:51:50,090 - DEBUG - https://api.pokerogue.net:443 "GET /savedata/system?clientSessionId=8IL4nxQ1vnU2rIk67dxlhdp0LfaiAIc5 HTTP/1.1" 200 None
2024-06-12 21:51:50,561 - DEBUG - https://api.pokerogue.net:443 "GET /savedata/session?slot=0&clientSessionId=8IL4nxQ1vnU2rIk67dxlhdp0LfaiAIc5 HTTP/1.1" 200 None
2024-06-12 21:51:50,583 - INFO - Backup created.
2024-06-12 21:52:11,424 - DEBUG - https://api.pokerogue.net:443 "POST /savedata/updateall HTTP/1.1" 200 0
2024-06-12 21:52:11,557 - DEBUG - https://api.pokerogue.net:443 "GET /account/logout HTTP/1.1" 200 0
2024-06-12 21:57:43,363 - DEBUG - Starting new HTTPS connection (1): api.pokerogue.net:443
2024-06-12 21:57:43,830 - DEBUG - https://api.pokerogue.net:443 "POST /account/login HTTP/1.1" 200 None
2024-06-12 21:57:47,832 - INFO - HTTP Status Code: 200
2024-06-12 21:57:47,832 - INFO - Response URL: https://api.pokerogue.net/account/login
2024-06-12 21:57:47,832 - INFO - Response Headers: {'Date': 'Wed, 12 Jun 2024 19:57:43 GMT', 'Content-Type': 'application/json', 'Transfer-Encoding': 'chunked', 'Connection': 'keep-alive', 'Access-Control-Allow-Headers': 'Authorization, Content-Type', 'Access-Control-Allow-Methods': 'OPTIONS, GET, POST', 'Access-Control-Allow-Origin': 'https://pokerogue.net', 'X-Pokemon': 'victini', 'CF-Cache-Status': 'DYNAMIC', 'NEL': '{"success_fraction":0,"report_to":"cf-nel","max_age":604800}', 'Server': 'cloudflare', 'CF-RAY': '892c6959c8039767-FRA', 'Content-Encoding': 'br', 'alt-svc': 'h3=":443"; ma=86400'}
2024-06-12 21:57:49,043 - DEBUG - Starting new HTTPS connection (1): api.pokerogue.net:443
2024-06-12 21:57:49,326 - DEBUG - https://api.pokerogue.net:443 "GET /savedata/system?clientSessionId=OR3F9p6mpqZsP0C0be9SWarRkzCLFvw1 HTTP/1.1" 200 None
2024-06-12 21:57:49,776 - DEBUG - https://api.pokerogue.net:443 "GET /savedata/session?slot=0&clientSessionId=OR3F9p6mpqZsP0C0be9SWarRkzCLFvw1 HTTP/1.1" 200 None
2024-06-12 21:57:49,810 - INFO - Backup created.
2024-06-12 21:57:55,193 - DEBUG - https://api.pokerogue.net:443 "POST /savedata/updateall HTTP/1.1" 200 0
2024-06-12 21:57:55,317 - DEBUG - https://api.pokerogue.net:443 "GET /account/logout HTTP/1.1" 200 0
